<?xml version="1.0" encoding="UTF-8"?>
<testng-results skipped="0" failed="0" total="1" passed="1">
  <reporter-output>
  </reporter-output>
  <suite name="Default suite" duration-ms="75909" started-at="2016-10-03T08:54:49Z" finished-at="2016-10-03T08:56:05Z">
    <groups>
    </groups>
    <test name="Default test" duration-ms="75909" started-at="2016-10-03T08:54:49Z" finished-at="2016-10-03T08:56:05Z">
      <class name="com.send.SampleMavenWithJenkins.Test1">
        <test-method status="PASS" signature="f()[pri:0, instance:com.send.SampleMavenWithJenkins.Test1@17b1517]" name="f" duration-ms="75848" started-at="2016-10-03T14:24:49Z" finished-at="2016-10-03T14:26:05Z">
          <reporter-output>
          </reporter-output>
        </test-method> <!-- f -->
      </class> <!-- com.send.SampleMavenWithJenkins.Test1 -->
    </test> <!-- Default test -->
  </suite> <!-- Default suite -->
</testng-results>
